<?xml version="1.0" encoding="UTF-8"?>
<!-- Generated by org.testng.reporters.JUnitXMLReporter -->
<testsuite ignored="1" hostname="DESKTOP-A136ETG" failures="0" tests="1" name="Default test" time="8.073" errors="0" timestamp="2023-07-12T06:43:59 IST">
  <testcase classname="com.obsqura.TestNGFramework.RadioButtonDemo" name="checkGroupRadioButtons" time="1.127"/>
  <testcase classname="com.obsqura.TestNGFramework.RadioButtonDemo" name="radioButtonDemo" time="0.0">
    <ignored/>
  </testcase> <!-- radioButtonDemo -->
</testsuite> <!-- Default test -->
