<?xml version="1.0" encoding="UTF-8"?>
<testng-results ignored="2" total="3" passed="1" failed="0" skipped="0">
  <reporter-output>
  </reporter-output>
  <suite started-at="2023-07-13T06:46:14 IST" name="Default suite" finished-at="2023-07-13T06:46:32 IST" duration-ms="18421">
    <groups>
    </groups>
    <test started-at="2023-07-13T06:46:14 IST" name="Default test" finished-at="2023-07-13T06:46:32 IST" duration-ms="18421">
      <class name="com.obsqura.TestNGFramework.DropDownDemo">
        <test-method is-config="true" signature="initialiseBrowser()[pri:0, instance:com.obsqura.TestNGFramework.DropDownDemo@4a883b15]" started-at="2023-07-13T06:46:14 IST" name="initialiseBrowser" finished-at="2023-07-13T06:46:27 IST" duration-ms="12994" status="PASS">
          <reporter-output>
          </reporter-output>
        </test-method> <!-- initialiseBrowser -->
        <test-method signature="selectingAboutSeleniumWebsite()[pri:0, instance:com.obsqura.TestNGFramework.DropDownDemo@4a883b15]" started-at="2023-07-13T06:46:27 IST" name="selectingAboutSeleniumWebsite" finished-at="2023-07-13T06:46:32 IST" duration-ms="5327" status="PASS">
          <reporter-output>
          </reporter-output>
        </test-method> <!-- selectingAboutSeleniumWebsite -->
        <test-method is-config="true" signature="browserCloseorQuit()[pri:0, instance:com.obsqura.TestNGFramework.DropDownDemo@4a883b15]" started-at="2023-07-13T06:46:32 IST" name="browserCloseorQuit" finished-at="2023-07-13T06:46:32 IST" duration-ms="1" status="PASS">
          <reporter-output>
          </reporter-output>
        </test-method> <!-- browserCloseorQuit -->
      </class> <!-- com.obsqura.TestNGFramework.DropDownDemo -->
    </test> <!-- Default test -->
  </suite> <!-- Default suite -->
</testng-results>
