<?xml version="1.0" encoding="UTF-8"?>
<testng-results ignored="0" total="1" passed="1" failed="0" skipped="0">
  <reporter-output>
  </reporter-output>
  <suite started-at="2023-07-07T08:19:28 IST" name="Suite" finished-at="2023-07-07T08:19:34 IST" duration-ms="6015">
    <groups>
    </groups>
    <test started-at="2023-07-07T08:19:28 IST" name="Test" finished-at="2023-07-07T08:19:34 IST" duration-ms="6015">
      <class name="com.obsqura.TestNGFramework.Assertion">
        <test-method is-config="true" signature="initializeBrowser()[pri:0, instance:com.obsqura.TestNGFramework.Assertion@130c12b7]" started-at="2023-07-07T08:19:28 IST" name="initializeBrowser" finished-at="2023-07-07T08:19:33 IST" duration-ms="5257" status="PASS">
          <reporter-output>
          </reporter-output>
        </test-method> <!-- initializeBrowser -->
        <test-method signature="verifySingleInputFieldWhenEnterDataOnTextFieldAndClickOnShowMessageButton()[pri:0, instance:com.obsqura.TestNGFramework.Assertion@130c12b7]" started-at="2023-07-07T08:19:33 IST" name="verifySingleInputFieldWhenEnterDataOnTextFieldAndClickOnShowMessageButton" finished-at="2023-07-07T08:19:34 IST" duration-ms="370" status="PASS">
          <reporter-output>
          </reporter-output>
        </test-method> <!-- verifySingleInputFieldWhenEnterDataOnTextFieldAndClickOnShowMessageButton -->
        <test-method is-config="true" signature="browserCloseOrQuit()[pri:0, instance:com.obsqura.TestNGFramework.Assertion@130c12b7]" started-at="2023-07-07T08:19:34 IST" name="browserCloseOrQuit" finished-at="2023-07-07T08:19:34 IST" duration-ms="330" status="PASS">
          <reporter-output>
          </reporter-output>
        </test-method> <!-- browserCloseOrQuit -->
      </class> <!-- com.obsqura.TestNGFramework.Assertion -->
    </test> <!-- Test -->
  </suite> <!-- Suite -->
</testng-results>
